d:\libsystem\libsystem\debug\vc142.pdb
d:\libsystem\libsystem\debug\vc142.idb
d:\libsystem\libsystem\debug\main.obj
d:\libsystem\libsystem\debug\libgui.obj
d:\libsystem\libsystem\debug\libfunc.obj
d:\libsystem\libsystem\debug\imgui.obj
d:\libsystem\libsystem\debug\strlib.obj
d:\libsystem\libsystem\debug\simpio.obj
d:\libsystem\libsystem\debug\random.obj
d:\libsystem\libsystem\debug\graphics.obj
d:\libsystem\libsystem\debug\genlib.obj
d:\libsystem\libsystem\debug\exceptio.obj
d:\libsystem\debug\libsystem.ilk
d:\libsystem\debug\libsystem.exe
d:\libsystem\debug\libsystem.pdb
d:\libsystem\libsystem\debug\libsystem.tlog\cl.command.1.tlog
d:\libsystem\libsystem\debug\libsystem.tlog\cl.read.1.tlog
d:\libsystem\libsystem\debug\libsystem.tlog\cl.write.1.tlog
d:\libsystem\libsystem\debug\libsystem.tlog\link.command.1.tlog
d:\libsystem\libsystem\debug\libsystem.tlog\link.read.1.tlog
d:\libsystem\libsystem\debug\libsystem.tlog\link.write.1.tlog
